<?xml version="1.0" encoding="UTF-8"?>
<testng-results ignored="0" total="1" passed="1" failed="0" skipped="0">
  <reporter-output>
  </reporter-output>
  <suite started-at="2023-03-31T14:07:19 IST" name="Default suite" finished-at="2023-03-31T14:07:30 IST" duration-ms="10950">
    <groups>
    </groups>
    <test started-at="2023-03-31T14:07:19 IST" name="Default test" finished-at="2023-03-31T14:07:30 IST" duration-ms="10950">
      <class name="testcases.Tc00_2">
        <test-method is-config="true" signature="startBrowser()[pri:0, instance:testcases.Tc00_2@2f217633]" started-at="2023-03-31T14:07:19 IST" name="startBrowser" finished-at="2023-03-31T14:07:29 IST" duration-ms="9428" status="PASS">
          <reporter-output>
          </reporter-output>
        </test-method> <!-- startBrowser -->
        <test-method signature="tc_001()[pri:0, instance:testcases.Tc00_2@2f217633]" started-at="2023-03-31T14:07:29 IST" name="tc_001" finished-at="2023-03-31T14:07:29 IST" duration-ms="17" status="PASS">
          <reporter-output>
          </reporter-output>
        </test-method> <!-- tc_001 -->
        <test-method is-config="true" signature="closeBrowser()[pri:0, instance:testcases.Tc00_2@2f217633]" started-at="2023-03-31T14:07:29 IST" name="closeBrowser" finished-at="2023-03-31T14:07:30 IST" duration-ms="1455" status="PASS">
          <reporter-output>
          </reporter-output>
        </test-method> <!-- closeBrowser -->
      </class> <!-- testcases.Tc00_2 -->
    </test> <!-- Default test -->
  </suite> <!-- Default suite -->
</testng-results>
