<?xml version="1.0" encoding="UTF-8"?>
<testng-results ignored="0" total="2" passed="2" failed="0" skipped="0">
  <reporter-output>
  </reporter-output>
  <suite started-at="2023-01-27T14:48:41 IST" name="Default suite" finished-at="2023-01-27T14:48:41 IST" duration-ms="100">
    <groups>
    </groups>
    <test started-at="2023-01-27T14:48:41 IST" name="Default test" finished-at="2023-01-27T14:48:41 IST" duration-ms="100">
      <class name="com.testNg.TestNGBasicsRevision">
        <test-method is-config="true" signature="setup()[pri:0, instance:com.testNg.TestNGBasicsRevision@57cf54e1]" started-at="2023-01-27T14:48:41 IST" name="setup" finished-at="2023-01-27T14:48:41 IST" duration-ms="11" status="PASS">
          <reporter-output>
          </reporter-output>
        </test-method> <!-- setup -->
        <test-method is-config="true" signature="launchBrowser()[pri:0, instance:com.testNg.TestNGBasicsRevision@57cf54e1]" started-at="2023-01-27T14:48:41 IST" name="launchBrowser" finished-at="2023-01-27T14:48:41 IST" duration-ms="2" status="PASS">
          <reporter-output>
          </reporter-output>
        </test-method> <!-- launchBrowser -->
        <test-method is-config="true" signature="login()[pri:0, instance:com.testNg.TestNGBasicsRevision@57cf54e1]" started-at="2023-01-27T14:48:41 IST" name="login" finished-at="2023-01-27T14:48:41 IST" duration-ms="1" status="PASS">
          <reporter-output>
          </reporter-output>
        </test-method> <!-- login -->
        <test-method is-config="true" signature="enterURL()[pri:0, instance:com.testNg.TestNGBasicsRevision@57cf54e1]" started-at="2023-01-27T14:48:41 IST" name="enterURL" finished-at="2023-01-27T14:48:41 IST" duration-ms="1" status="PASS">
          <reporter-output>
          </reporter-output>
        </test-method> <!-- enterURL -->
        <test-method signature="googleTitleTest()[pri:0, instance:com.testNg.TestNGBasicsRevision@57cf54e1]" started-at="2023-01-27T14:48:41 IST" name="googleTitleTest" finished-at="2023-01-27T14:48:41 IST" duration-ms="25" status="PASS">
          <reporter-output>
          </reporter-output>
        </test-method> <!-- googleTitleTest -->
        <test-method is-config="true" signature="logout()[pri:0, instance:com.testNg.TestNGBasicsRevision@57cf54e1]" started-at="2023-01-27T14:48:41 IST" name="logout" finished-at="2023-01-27T14:48:41 IST" duration-ms="1" status="PASS">
          <reporter-output>
          </reporter-output>
        </test-method> <!-- logout -->
        <test-method signature="searchTitle()[pri:0, instance:com.testNg.TestNGBasicsRevision@57cf54e1]" started-at="2023-01-27T14:48:41 IST" name="searchTitle" finished-at="2023-01-27T14:48:41 IST" duration-ms="2" status="PASS">
          <reporter-output>
          </reporter-output>
        </test-method> <!-- searchTitle -->
        <test-method is-config="true" signature="enterURL()[pri:0, instance:com.testNg.TestNGBasicsRevision@57cf54e1]" started-at="2023-01-27T14:48:41 IST" name="enterURL" finished-at="2023-01-27T14:48:41 IST" duration-ms="0" status="PASS">
          <reporter-output>
          </reporter-output>
        </test-method> <!-- enterURL -->
        <test-method is-config="true" signature="logout()[pri:0, instance:com.testNg.TestNGBasicsRevision@57cf54e1]" started-at="2023-01-27T14:48:41 IST" name="logout" finished-at="2023-01-27T14:48:41 IST" duration-ms="1" status="PASS">
          <reporter-output>
          </reporter-output>
        </test-method> <!-- logout -->
        <test-method is-config="true" signature="logOut()[pri:0, instance:com.testNg.TestNGBasicsRevision@57cf54e1]" started-at="2023-01-27T14:48:41 IST" name="logOut" finished-at="2023-01-27T14:48:41 IST" duration-ms="0" status="PASS">
          <reporter-output>
          </reporter-output>
        </test-method> <!-- logOut -->
        <test-method is-config="true" signature="deleteAllCookies()[pri:0, instance:com.testNg.TestNGBasicsRevision@57cf54e1]" started-at="2023-01-27T14:48:41 IST" name="deleteAllCookies" finished-at="2023-01-27T14:48:41 IST" duration-ms="0" status="PASS">
          <reporter-output>
          </reporter-output>
        </test-method> <!-- deleteAllCookies -->
      </class> <!-- com.testNg.TestNGBasicsRevision -->
    </test> <!-- Default test -->
  </suite> <!-- Default suite -->
</testng-results>
